<?xml version='1.0' encoding='UTF-8'?>
<testsuite hostname="MSI" name="patmat.HuffmanSuite" tests="6" errors="0" failures="0" skipped="0" time="0.026" timestamp="2024-01-03T22:40:27">
          <properties>
[...]
</properties>
          <testcase classname="patmat.HuffmanSuite" name="weight of a larger tree " time="0.018">
                      
                    </testcase><testcase classname="patmat.HuffmanSuite" name="chars of a larger tree " time="0.002">
                      
                    </testcase><testcase classname="patmat.HuffmanSuite" name="string2chars hello world" time="0.002">
                      
                    </testcase><testcase classname="patmat.HuffmanSuite" name="make ordered leaf list for some frequency table " time="0.001">
                      
                    </testcase><testcase classname="patmat.HuffmanSuite" name="combine of some leaf list " time="0.001">
                      
                    </testcase><testcase classname="patmat.HuffmanSuite" name="decode and encode a very short text should be identity " time="0.002">
                      
                    </testcase>
          <system-out><![CDATA[]]></system-out>
          <system-err><![CDATA[]]></system-err>
        </testsuite>